2024-09-18 21:34:56,288 - starter_master_browserstack - INFO - Starting test suite for NEVDAMA, URL: https://nev-dama.stg.dtweb.cz/, Version: hotifx
2024-09-18 21:34:56,288 - WDM - INFO - ====== WebDriver manager ======
2024-09-18 21:34:58,038 - WDM - INFO - Get LATEST chromedriver version for google-chrome
2024-09-18 21:34:58,054 - WDM - INFO - Get LATEST chromedriver version for google-chrome
2024-09-18 21:34:58,054 - WDM - INFO - There is no [win64] chromedriver "129.0.6668.58" for browser google-chrome "129.0.6668.58" in cache
2024-09-18 21:34:58,054 - WDM - INFO - Get LATEST chromedriver version for google-chrome
2024-09-18 21:34:58,242 - WDM - INFO - WebDriver version 129.0.6668.58 selected
2024-09-18 21:34:58,242 - WDM - INFO - Modern chrome version https://storage.googleapis.com/chrome-for-testing-public/129.0.6668.58/win32/chromedriver-win32.zip
2024-09-18 21:34:58,242 - WDM - INFO - About to download new driver from https://storage.googleapis.com/chrome-for-testing-public/129.0.6668.58/win32/chromedriver-win32.zip
2024-09-18 21:34:58,304 - WDM - INFO - Driver downloading response is 200
2024-09-18 21:34:58,460 - WDM - INFO - Get LATEST chromedriver version for google-chrome
2024-09-18 21:34:58,632 - WDM - INFO - Driver has been saved in cache [C:\Users\KADOUN\.wdm\drivers\chromedriver\win64\129.0.6668.58]
2024-09-18 21:34:58,648 - WDM - INFO - ====== WebDriver manager ======
2024-09-18 21:34:59,788 - WDM - INFO - Get LATEST chromedriver version for google-chrome
2024-09-18 21:34:59,788 - WDM - INFO - Get LATEST chromedriver version for google-chrome
2024-09-18 21:34:59,788 - WDM - INFO - There is no [win64] chromedriver "129.0.6668.58" for browser google-chrome "129.0.6668.58" in cache
2024-09-18 21:34:59,788 - WDM - INFO - Get LATEST chromedriver version for google-chrome
2024-09-18 21:34:59,898 - WDM - INFO - WebDriver version 129.0.6668.58 selected
2024-09-18 21:34:59,898 - WDM - INFO - Modern chrome version https://storage.googleapis.com/chrome-for-testing-public/129.0.6668.58/win32/chromedriver-win32.zip
2024-09-18 21:34:59,898 - WDM - INFO - About to download new driver from https://storage.googleapis.com/chrome-for-testing-public/129.0.6668.58/win32/chromedriver-win32.zip
2024-09-18 21:34:59,945 - WDM - INFO - Driver downloading response is 200
2024-09-18 21:35:00,101 - WDM - INFO - Get LATEST chromedriver version for google-chrome
2024-09-18 21:35:00,570 - WDM - INFO - Driver has been saved in cache [C:\Users\KADOUN\.wdm\drivers\chromedriver\win64\129.0.6668.58]
2024-09-18 21:35:00,585 - WDM - INFO - ====== WebDriver manager ======
2024-09-18 21:35:01,710 - WDM - INFO - Get LATEST chromedriver version for google-chrome
2024-09-18 21:35:01,710 - WDM - INFO - Get LATEST chromedriver version for google-chrome
2024-09-18 21:35:01,710 - WDM - INFO - There is no [win64] chromedriver "129.0.6668.58" for browser google-chrome "129.0.6668.58" in cache
2024-09-18 21:35:01,710 - WDM - INFO - Get LATEST chromedriver version for google-chrome
2024-09-18 21:35:01,819 - WDM - INFO - WebDriver version 129.0.6668.58 selected
2024-09-18 21:35:01,819 - WDM - INFO - Modern chrome version https://storage.googleapis.com/chrome-for-testing-public/129.0.6668.58/win32/chromedriver-win32.zip
2024-09-18 21:35:01,819 - WDM - INFO - About to download new driver from https://storage.googleapis.com/chrome-for-testing-public/129.0.6668.58/win32/chromedriver-win32.zip
2024-09-18 21:35:01,851 - WDM - INFO - Driver downloading response is 200
2024-09-18 21:35:02,007 - WDM - INFO - Get LATEST chromedriver version for google-chrome
2024-09-18 21:35:02,179 - WDM - INFO - Driver has been saved in cache [C:\Users\KADOUN\.wdm\drivers\chromedriver\win64\129.0.6668.58]
2024-09-18 21:35:02,179 - WDM - INFO - ====== WebDriver manager ======
2024-09-18 21:36:28,383 - starter_master_browserstack - INFO - Starting test suite for NEVDAMA, URL: https://nev-dama.stg.dtweb.cz/, Version: hotifx
2024-09-18 21:53:52,956 - starter_master_browserstack - INFO - Completed test suite for NEVDAMA.
2024-09-27 14:33:34,798 - starter_master_browserstack - INFO - Starting test suite for NEVDAMA, URL: https://nev-dama.stg.dtweb.cz/, Version: hotifx
